<?xml version="1.0" encoding="UTF-8"?>
<testng-results skipped="0" failed="0" ignored="0" total="1" passed="1">
  <reporter-output>
  </reporter-output>
  <suite name="testcases.CartTest" duration-ms="11887" started-at="2022-07-02T07:04:14 SGT" finished-at="2022-07-02T07:04:26 SGT">
    <groups>
    </groups>
    <test name="Command line test" duration-ms="11887" started-at="2022-07-02T07:04:14 SGT" finished-at="2022-07-02T07:04:26 SGT">
      <class name="testcases.CartTest">
        <test-method status="PASS" signature="startDriver()[pri:0, instance:testcases.CartTest@3701eaf6]" name="startDriver" is-config="true" duration-ms="3119" started-at="2022-07-02T07:04:14 SGT" finished-at="2022-07-02T07:04:17 SGT">
          <reporter-output>
          </reporter-output>
        </test-method> <!-- startDriver -->
        <test-method status="PASS" signature="verifyEmptyCart()[pri:0, instance:testcases.CartTest@3701eaf6]" name="verifyEmptyCart" duration-ms="7989" started-at="2022-07-02T07:04:17 SGT" finished-at="2022-07-02T07:04:25 SGT">
          <reporter-output>
          </reporter-output>
        </test-method> <!-- verifyEmptyCart -->
        <test-method status="PASS" signature="quitDriver()[pri:0, instance:testcases.CartTest@3701eaf6]" name="quitDriver" is-config="true" duration-ms="748" started-at="2022-07-02T07:04:25 SGT" finished-at="2022-07-02T07:04:26 SGT">
          <reporter-output>
          </reporter-output>
        </test-method> <!-- quitDriver -->
      </class> <!-- testcases.CartTest -->
    </test> <!-- Command line test -->
  </suite> <!-- testcases.CartTest -->
</testng-results>
